<?xml version="1.0" encoding="UTF-8" ?>
<testsuite failures="0" time="0.007" errors="0" skipped="0" tests="12" name="com.aman.libraryspring.domain.StudentTest">
  <properties>
    <property name="java.runtime.name" value="Java(TM) SE Runtime Environment"/>
    <property name="sun.boot.library.path" value="/System/Library/Java/JavaVirtualMachines/1.6.0.jdk/Contents/Libraries"/>
    <property name="java.vm.version" value="20.65-b04-462"/>
    <property name="awt.nativeDoubleBuffering" value="true"/>
    <property name="gopherProxySet" value="false"/>
    <property name="mrj.build" value="11M4609"/>
    <property name="java.vm.vendor" value="Apple Inc."/>
    <property name="java.vendor.url" value="http://www.apple.com/"/>
    <property name="path.separator" value=":"/>
    <property name="java.vm.name" value="Java HotSpot(TM) 64-Bit Server VM"/>
    <property name="file.encoding.pkg" value="sun.io"/>
    <property name="user.country" value="US"/>
    <property name="sun.java.launcher" value="SUN_STANDARD"/>
    <property name="sun.os.patch.level" value="unknown"/>
    <property name="java.vm.specification.name" value="Java Virtual Machine Specification"/>
    <property name="user.dir" value="/Users/amankumar/github/library-spring"/>
    <property name="java.runtime.version" value="1.6.0_65-b14-462-11M4609"/>
    <property name="java.awt.graphicsenv" value="apple.awt.CGraphicsEnvironment"/>
    <property name="basedir" value="/Users/amankumar/github/library-spring"/>
    <property name="java.endorsed.dirs" value="/System/Library/Java/JavaVirtualMachines/1.6.0.jdk/Contents/Home/lib/endorsed"/>
    <property name="os.arch" value="x86_64"/>
    <property name="surefire.real.class.path" value="/Users/amankumar/github/library-spring/target/surefire/surefirebooter7155420361328254176.jar"/>
    <property name="java.io.tmpdir" value="/var/folders/hf/4vgd38z523qdv3n5vgn7vqgh0000gn/T/"/>
    <property name="line.separator" value="
"/>
    <property name="java.vm.specification.vendor" value="Sun Microsystems Inc."/>
    <property name="os.name" value="Mac OS X"/>
    <property name="sun.jnu.encoding" value="MacRoman"/>
    <property name="java.library.path" value=".:/Library/Java/Extensions:/System/Library/Java/Extensions:/usr/lib/java"/>
    <property name="surefire.test.class.path" value="/Users/amankumar/github/library-spring/target/test-classes:/Users/amankumar/github/library-spring/target/classes:/Users/amankumar/.m2/repository/org/springframework/spring-context/3.1.0.RELEASE/spring-context-3.1.0.RELEASE.jar:/Users/amankumar/.m2/repository/org/springframework/spring-aop/3.1.0.RELEASE/spring-aop-3.1.0.RELEASE.jar:/Users/amankumar/.m2/repository/aopalliance/aopalliance/1.0/aopalliance-1.0.jar:/Users/amankumar/.m2/repository/org/springframework/spring-beans/3.1.0.RELEASE/spring-beans-3.1.0.RELEASE.jar:/Users/amankumar/.m2/repository/org/springframework/spring-core/3.1.0.RELEASE/spring-core-3.1.0.RELEASE.jar:/Users/amankumar/.m2/repository/org/springframework/spring-expression/3.1.0.RELEASE/spring-expression-3.1.0.RELEASE.jar:/Users/amankumar/.m2/repository/org/springframework/spring-asm/3.1.0.RELEASE/spring-asm-3.1.0.RELEASE.jar:/Users/amankumar/.m2/repository/org/mockito/mockito-all/1.8.4/mockito-all-1.8.4.jar:/Users/amankumar/.m2/repository/org/springframework/spring-webmvc/3.1.0.RELEASE/spring-webmvc-3.1.0.RELEASE.jar:/Users/amankumar/.m2/repository/org/springframework/spring-context-support/3.1.0.RELEASE/spring-context-support-3.1.0.RELEASE.jar:/Users/amankumar/.m2/repository/org/springframework/spring-web/3.1.0.RELEASE/spring-web-3.1.0.RELEASE.jar:/Users/amankumar/.m2/repository/org/springframework/spring-jdbc/3.1.2.RELEASE/spring-jdbc-3.1.2.RELEASE.jar:/Users/amankumar/.m2/repository/org/springframework/spring-tx/3.1.2.RELEASE/spring-tx-3.1.2.RELEASE.jar:/Users/amankumar/.m2/repository/org/hsqldb/hsqldb/2.2.8/hsqldb-2.2.8.jar:/Users/amankumar/.m2/repository/org/aspectj/aspectjrt/1.6.9/aspectjrt-1.6.9.jar:/Users/amankumar/.m2/repository/org/slf4j/slf4j-api/1.7.0/slf4j-api-1.7.0.jar:/Users/amankumar/.m2/repository/org/slf4j/slf4j-simple/1.6.6/slf4j-simple-1.6.6.jar:/Users/amankumar/.m2/repository/org/slf4j/jcl-over-slf4j/1.7.0/jcl-over-slf4j-1.7.0.jar:/Users/amankumar/.m2/repository/org/lazyluke/log4jdbc-remix/0.2.7/log4jdbc-remix-0.2.7.jar:/Users/amankumar/.m2/repository/log4j/log4j/1.2.15/log4j-1.2.15.jar:/Users/amankumar/.m2/repository/javax/inject/javax.inject/1/javax.inject-1.jar:/Users/amankumar/.m2/repository/javax/servlet/servlet-api/2.5/servlet-api-2.5.jar:/Users/amankumar/.m2/repository/javax/servlet/jsp/jsp-api/2.1/jsp-api-2.1.jar:/Users/amankumar/.m2/repository/javax/servlet/jstl/1.2/jstl-1.2.jar:/Users/amankumar/.m2/repository/commons-lang/commons-lang/2.6/commons-lang-2.6.jar:/Users/amankumar/.m2/repository/junit/junit/4.7/junit-4.7.jar:"/>
    <property name="java.specification.name" value="Java Platform API Specification"/>
    <property name="java.class.version" value="50.0"/>
    <property name="sun.management.compiler" value="HotSpot 64-Bit Tiered Compilers"/>
    <property name="os.version" value="10.7.5"/>
    <property name="http.nonProxyHosts" value="local|*.local|169.254/16|*.169.254/16"/>
    <property name="user.home" value="/Users/amankumar"/>
    <property name="user.timezone" value="GMT+05:30"/>
    <property name="java.awt.printerjob" value="apple.awt.CPrinterJob"/>
    <property name="java.specification.version" value="1.6"/>
    <property name="file.encoding" value="MacRoman"/>
    <property name="user.name" value="amankumar"/>
    <property name="java.class.path" value="/Users/amankumar/github/library-spring/target/test-classes:/Users/amankumar/github/library-spring/target/classes:/Users/amankumar/.m2/repository/org/springframework/spring-context/3.1.0.RELEASE/spring-context-3.1.0.RELEASE.jar:/Users/amankumar/.m2/repository/org/springframework/spring-aop/3.1.0.RELEASE/spring-aop-3.1.0.RELEASE.jar:/Users/amankumar/.m2/repository/aopalliance/aopalliance/1.0/aopalliance-1.0.jar:/Users/amankumar/.m2/repository/org/springframework/spring-beans/3.1.0.RELEASE/spring-beans-3.1.0.RELEASE.jar:/Users/amankumar/.m2/repository/org/springframework/spring-core/3.1.0.RELEASE/spring-core-3.1.0.RELEASE.jar:/Users/amankumar/.m2/repository/org/springframework/spring-expression/3.1.0.RELEASE/spring-expression-3.1.0.RELEASE.jar:/Users/amankumar/.m2/repository/org/springframework/spring-asm/3.1.0.RELEASE/spring-asm-3.1.0.RELEASE.jar:/Users/amankumar/.m2/repository/org/mockito/mockito-all/1.8.4/mockito-all-1.8.4.jar:/Users/amankumar/.m2/repository/org/springframework/spring-webmvc/3.1.0.RELEASE/spring-webmvc-3.1.0.RELEASE.jar:/Users/amankumar/.m2/repository/org/springframework/spring-context-support/3.1.0.RELEASE/spring-context-support-3.1.0.RELEASE.jar:/Users/amankumar/.m2/repository/org/springframework/spring-web/3.1.0.RELEASE/spring-web-3.1.0.RELEASE.jar:/Users/amankumar/.m2/repository/org/springframework/spring-jdbc/3.1.2.RELEASE/spring-jdbc-3.1.2.RELEASE.jar:/Users/amankumar/.m2/repository/org/springframework/spring-tx/3.1.2.RELEASE/spring-tx-3.1.2.RELEASE.jar:/Users/amankumar/.m2/repository/org/hsqldb/hsqldb/2.2.8/hsqldb-2.2.8.jar:/Users/amankumar/.m2/repository/org/aspectj/aspectjrt/1.6.9/aspectjrt-1.6.9.jar:/Users/amankumar/.m2/repository/org/slf4j/slf4j-api/1.7.0/slf4j-api-1.7.0.jar:/Users/amankumar/.m2/repository/org/slf4j/slf4j-simple/1.6.6/slf4j-simple-1.6.6.jar:/Users/amankumar/.m2/repository/org/slf4j/jcl-over-slf4j/1.7.0/jcl-over-slf4j-1.7.0.jar:/Users/amankumar/.m2/repository/org/lazyluke/log4jdbc-remix/0.2.7/log4jdbc-remix-0.2.7.jar:/Users/amankumar/.m2/repository/log4j/log4j/1.2.15/log4j-1.2.15.jar:/Users/amankumar/.m2/repository/javax/inject/javax.inject/1/javax.inject-1.jar:/Users/amankumar/.m2/repository/javax/servlet/servlet-api/2.5/servlet-api-2.5.jar:/Users/amankumar/.m2/repository/javax/servlet/jsp/jsp-api/2.1/jsp-api-2.1.jar:/Users/amankumar/.m2/repository/javax/servlet/jstl/1.2/jstl-1.2.jar:/Users/amankumar/.m2/repository/commons-lang/commons-lang/2.6/commons-lang-2.6.jar:/Users/amankumar/.m2/repository/junit/junit/4.7/junit-4.7.jar:"/>
    <property name="java.vm.specification.version" value="1.0"/>
    <property name="sun.arch.data.model" value="64"/>
    <property name="java.home" value="/System/Library/Java/JavaVirtualMachines/1.6.0.jdk/Contents/Home"/>
    <property name="sun.java.command" value="/Users/amankumar/github/library-spring/target/surefire/surefirebooter7155420361328254176.jar /Users/amankumar/github/library-spring/target/surefire/surefire3771058986802281518tmp /Users/amankumar/github/library-spring/target/surefire/surefire1171705530206994984tmp"/>
    <property name="java.specification.vendor" value="Sun Microsystems Inc."/>
    <property name="user.language" value="en"/>
    <property name="awt.toolkit" value="apple.awt.CToolkit"/>
    <property name="java.vm.info" value="mixed mode"/>
    <property name="java.version" value="1.6.0_65"/>
    <property name="java.ext.dirs" value="/Library/Java/Extensions:/System/Library/Java/Extensions:/System/Library/Java/JavaVirtualMachines/1.6.0.jdk/Contents/Home/lib/ext"/>
    <property name="sun.boot.class.path" value="/System/Library/Java/JavaVirtualMachines/1.6.0.jdk/Contents/Classes/jsfd.jar:/System/Library/Java/JavaVirtualMachines/1.6.0.jdk/Contents/Classes/classes.jar:/System/Library/Frameworks/JavaVM.framework/Frameworks/JavaRuntimeSupport.framework/Resources/Java/JavaRuntimeSupport.jar:/System/Library/Java/JavaVirtualMachines/1.6.0.jdk/Contents/Classes/ui.jar:/System/Library/Java/JavaVirtualMachines/1.6.0.jdk/Contents/Classes/laf.jar:/System/Library/Java/JavaVirtualMachines/1.6.0.jdk/Contents/Classes/sunrsasign.jar:/System/Library/Java/JavaVirtualMachines/1.6.0.jdk/Contents/Classes/jsse.jar:/System/Library/Java/JavaVirtualMachines/1.6.0.jdk/Contents/Classes/jce.jar:/System/Library/Java/JavaVirtualMachines/1.6.0.jdk/Contents/Classes/charsets.jar"/>
    <property name="java.vendor" value="Apple Inc."/>
    <property name="localRepository" value="/Users/amankumar/.m2/repository"/>
    <property name="file.separator" value="/"/>
    <property name="java.vendor.url.bug" value="http://bugreport.apple.com/"/>
    <property name="sun.cpu.endian" value="little"/>
    <property name="sun.io.unicode.encoding" value="UnicodeLittle"/>
    <property name="mrj.version" value="1070.1.6.0_65-462"/>
    <property name="socksNonProxyHosts" value="local|*.local|169.254/16|*.169.254/16"/>
    <property name="ftp.nonProxyHosts" value="local|*.local|169.254/16|*.169.254/16"/>
    <property name="sun.cpu.isalist" value=""/>
  </properties>
  <testcase time="0" classname="com.aman.libraryspring.domain.StudentTest" name="testGetStudentId"/>
  <testcase time="0" classname="com.aman.libraryspring.domain.StudentTest" name="testSetStudentId"/>
  <testcase time="0" classname="com.aman.libraryspring.domain.StudentTest" name="testGetFirstName"/>
  <testcase time="0" classname="com.aman.libraryspring.domain.StudentTest" name="testSetFirstName"/>
  <testcase time="0" classname="com.aman.libraryspring.domain.StudentTest" name="testGetLastName"/>
  <testcase time="0" classname="com.aman.libraryspring.domain.StudentTest" name="testSetLastName"/>
  <testcase time="0" classname="com.aman.libraryspring.domain.StudentTest" name="testGetEmailId"/>
  <testcase time="0" classname="com.aman.libraryspring.domain.StudentTest" name="testSetEmailId"/>
  <testcase time="0" classname="com.aman.libraryspring.domain.StudentTest" name="testGetAddress"/>
  <testcase time="0" classname="com.aman.libraryspring.domain.StudentTest" name="testSetAddress"/>
  <testcase time="0" classname="com.aman.libraryspring.domain.StudentTest" name="testGetPhoneNumber"/>
  <testcase time="0" classname="com.aman.libraryspring.domain.StudentTest" name="testSetPhoneNumber"/>
</testsuite>